mode: set
secure-push/cmd/secure-push/main.go:17.13,18.22 1 0
secure-push/cmd/secure-push/main.go:18.22,21.3 2 0
secure-push/cmd/secure-push/main.go:23.2,25.20 2 0
secure-push/cmd/secure-push/main.go:26.14,27.23 1 0
secure-push/cmd/secure-push/main.go:28.20,29.17 1 0
secure-push/cmd/secure-push/main.go:30.17,31.15 1 0
secure-push/cmd/secure-push/main.go:32.17,33.43 1 0
secure-push/cmd/secure-push/main.go:34.30,35.15 1 0
secure-push/cmd/secure-push/main.go:36.10,38.23 1 0
secure-push/cmd/secure-push/main.go:42.19,59.2 16 0
secure-push/cmd/secure-push/main.go:61.29,69.29 7 0
secure-push/cmd/secure-push/main.go:69.29,73.3 3 0
secure-push/cmd/secure-push/main.go:75.2,78.14 3 0
secure-push/cmd/secure-push/main.go:78.14,80.3 1 0
secure-push/cmd/secure-push/main.go:81.2,84.16 3 0
secure-push/cmd/secure-push/main.go:84.16,87.3 2 0
secure-push/cmd/secure-push/main.go:89.2,99.47 3 0
secure-push/cmd/secure-push/main.go:99.47,100.60 1 0
secure-push/cmd/secure-push/main.go:100.60,102.4 1 0
secure-push/cmd/secure-push/main.go:104.2,110.16 5 0
secure-push/cmd/secure-push/main.go:110.16,113.3 2 0
secure-push/cmd/secure-push/main.go:115.2,116.23 2 0
secure-push/cmd/secure-push/main.go:117.14,118.39 1 0
secure-push/cmd/secure-push/main.go:119.16,120.41 1 0
secure-push/cmd/secure-push/main.go:121.15,122.40 1 0
secure-push/cmd/secure-push/main.go:123.13,124.54 1 0
secure-push/cmd/secure-push/main.go:125.17,126.42 1 0
secure-push/cmd/secure-push/main.go:127.10,128.42 1 0
secure-push/cmd/secure-push/main.go:131.2,131.50 1 0
secure-push/cmd/secure-push/main.go:131.50,134.3 2 0
secure-push/cmd/secure-push/main.go:136.2,136.23 1 0
secure-push/cmd/secure-push/main.go:136.23,138.3 1 0
secure-push/cmd/secure-push/main.go:141.21,146.16 3 0
secure-push/cmd/secure-push/main.go:146.16,149.3 2 0
secure-push/cmd/secure-push/main.go:151.2,151.21 1 0
secure-push/cmd/secure-push/main.go:151.21,154.3 2 0
secure-push/cmd/secure-push/main.go:156.2,157.16 2 0
secure-push/cmd/secure-push/main.go:157.16,160.3 2 0
secure-push/cmd/secure-push/main.go:162.2,172.47 3 0
secure-push/cmd/secure-push/main.go:172.47,173.60 1 0
secure-push/cmd/secure-push/main.go:173.60,175.4 1 0
secure-push/cmd/secure-push/main.go:177.2,182.29 4 0
secure-push/cmd/secure-push/main.go:182.29,184.17 2 0
secure-push/cmd/secure-push/main.go:184.17,186.12 2 0
secure-push/cmd/secure-push/main.go:188.3,188.49 1 0
secure-push/cmd/secure-push/main.go:191.2,191.26 1 0
secure-push/cmd/secure-push/main.go:191.26,194.33 3 0
secure-push/cmd/secure-push/main.go:194.33,197.4 2 0
secure-push/cmd/secure-push/main.go:198.3,198.13 1 0
secure-push/cmd/secure-push/main.go:201.2,201.61 1 0
secure-push/cmd/secure-push/main.go:204.19,208.51 2 0
secure-push/cmd/secure-push/main.go:208.51,211.3 2 0
secure-push/cmd/secure-push/main.go:214.2,214.57 1 0
secure-push/cmd/secure-push/main.go:214.57,217.3 2 0
secure-push/cmd/secure-push/main.go:220.2,220.45 1 0
secure-push/cmd/secure-push/main.go:220.45,223.3 2 0
secure-push/cmd/secure-push/main.go:226.2,230.75 2 0
secure-push/cmd/secure-push/main.go:230.75,233.3 2 0
secure-push/cmd/secure-push/main.go:235.2,235.59 1 0
secure-push/cmd/secure-push/main.go:238.41,241.16 3 0
secure-push/cmd/secure-push/main.go:241.16,243.3 1 0
secure-push/cmd/secure-push/main.go:244.2,245.19 2 0
secure-push/internal/config/config.go:35.30,48.2 1 1
secure-push/internal/config/config.go:51.35,54.37 1 1
secure-push/internal/config/config.go:54.37,56.3 1 1
secure-push/internal/config/config.go:57.2,57.24 1 1
secure-push/internal/config/config.go:57.24,59.3 1 1
secure-push/internal/config/config.go:60.2,60.12 1 1
secure-push/internal/config/config.go:63.47,66.22 2 1
secure-push/internal/config/config.go:66.22,68.3 1 0
secure-push/internal/config/config.go:70.2,70.22 1 1
secure-push/internal/config/config.go:70.22,72.3 1 0
secure-push/internal/config/config.go:74.2,75.16 2 1
secure-push/internal/config/config.go:75.16,77.25 1 1
secure-push/internal/config/config.go:77.25,79.4 1 1
secure-push/internal/config/config.go:80.3,80.64 1 0
secure-push/internal/config/config.go:83.2,83.50 1 1
secure-push/internal/config/config.go:83.50,85.3 1 0
secure-push/internal/config/config.go:87.2,87.39 1 1
secure-push/internal/config/config.go:87.39,89.3 1 0
secure-push/internal/config/config.go:91.2,91.17 1 1
secure-push/internal/config/config.go:94.30,101.34 2 1
secure-push/internal/config/config.go:101.34,102.39 1 1
secure-push/internal/config/config.go:102.39,104.4 1 1
secure-push/internal/config/config.go:107.2,107.11 1 1
secure-push/internal/config/config.go:110.49,112.38 1 1
secure-push/internal/config/config.go:112.38,113.31 1 1
secure-push/internal/config/config.go:113.31,115.4 1 1
secure-push/internal/config/config.go:119.2,119.43 1 1
secure-push/internal/config/config.go:119.43,120.34 1 1
secure-push/internal/config/config.go:120.34,122.4 1 1
secure-push/internal/config/config.go:125.2,125.14 1 1
secure-push/internal/config/config.go:129.49,132.27 2 1
secure-push/internal/config/config.go:132.27,134.3 1 1
secure-push/internal/config/config.go:137.2,138.27 2 1
secure-push/internal/config/config.go:138.27,140.3 1 0
secure-push/internal/config/config.go:143.2,143.43 1 1
secure-push/internal/config/config.go:143.43,145.3 1 1
secure-push/internal/config/config.go:148.2,148.44 1 1
secure-push/internal/config/config.go:148.44,150.3 1 0
secure-push/internal/config/config.go:152.2,152.14 1 1
secure-push/internal/config/config.go:155.70,156.29 1 1
secure-push/internal/config/config.go:157.13,158.14 1 1
secure-push/internal/config/config.go:159.16,160.35 1 1
secure-push/internal/config/config.go:161.14,162.70 1 1
secure-push/internal/config/config.go:163.18,164.40 1 1
secure-push/internal/config/config.go:165.10,166.14 1 1
secure-push/internal/config/config.go:170.62,172.40 1 1
secure-push/internal/config/config.go:172.40,173.47 1 0
secure-push/internal/config/config.go:173.47,175.4 1 0
secure-push/internal/config/config.go:178.2,178.32 1 1
secure-push/internal/config/config.go:178.32,179.45 1 1
secure-push/internal/config/config.go:179.45,180.48 1 1
secure-push/internal/config/config.go:180.48,182.5 1 1
secure-push/internal/config/config.go:184.3,184.15 1 1
secure-push/internal/config/config.go:187.2,187.46 1 1
secure-push/internal/config/config.go:187.46,188.48 1 1
secure-push/internal/config/config.go:188.48,190.4 1 1
secure-push/internal/config/config.go:193.2,193.13 1 1
secure-push/internal/logger/logger.go:24.31,29.2 1 1
secure-push/internal/logger/logger.go:32.41,34.2 1 0
secure-push/internal/logger/logger.go:36.60,37.22 1 1
secure-push/internal/logger/logger.go:37.22,39.3 1 1
secure-push/internal/logger/logger.go:42.59,43.21 1 1
secure-push/internal/logger/logger.go:43.21,45.3 1 1
secure-push/internal/logger/logger.go:48.59,49.21 1 1
secure-push/internal/logger/logger.go:49.21,51.3 1 1
secure-push/internal/logger/logger.go:54.60,55.22 1 1
secure-push/internal/logger/logger.go:55.22,57.3 1 1
secure-push/internal/logger/logger.go:60.65,64.2 3 1
secure-push/internal/detectors/ast.go:13.37,15.2 1 1
secure-push/internal/detectors/ast.go:17.43,19.2 1 1
secure-push/internal/detectors/ast.go:22.82,26.41 2 1
secure-push/internal/detectors/ast.go:26.41,28.3 1 1
secure-push/internal/detectors/ast.go:30.2,32.16 3 1
secure-push/internal/detectors/ast.go:32.16,35.3 1 1
secure-push/internal/detectors/ast.go:37.2,37.42 1 1
secure-push/internal/detectors/ast.go:37.42,38.24 1 1
secure-push/internal/detectors/ast.go:39.22,41.48 1 1
secure-push/internal/detectors/ast.go:41.48,44.44 3 1
secure-push/internal/detectors/ast.go:44.44,46.6 1 1
secure-push/internal/detectors/ast.go:47.5,47.87 1 1
secure-push/internal/detectors/ast.go:47.87,55.6 1 1
secure-push/internal/detectors/ast.go:57.24,59.31 1 1
secure-push/internal/detectors/ast.go:59.31,60.49 1 1
secure-push/internal/detectors/ast.go:60.49,61.78 1 1
secure-push/internal/detectors/ast.go:61.78,69.7 1 1
secure-push/internal/detectors/ast.go:73.3,73.14 1 1
secure-push/internal/detectors/ast.go:76.2,76.22 1 1
secure-push/internal/detectors/ast.go:79.44,87.30 2 1
secure-push/internal/detectors/ast.go:87.30,88.32 1 1
secure-push/internal/detectors/ast.go:88.32,90.4 1 1
secure-push/internal/detectors/ast.go:92.2,92.14 1 1
secure-push/internal/detectors/ast.go:95.45,102.29 3 1
secure-push/internal/detectors/ast.go:102.29,103.33 1 1
secure-push/internal/detectors/ast.go:103.33,105.4 1 1
secure-push/internal/detectors/ast.go:107.2,107.14 1 0
secure-push/internal/detectors/auth.go:10.38,12.2 1 1
secure-push/internal/detectors/auth.go:14.44,16.2 1 1
secure-push/internal/detectors/auth.go:61.83,65.35 3 1
secure-push/internal/detectors/auth.go:65.35,67.49 2 1
secure-push/internal/detectors/auth.go:67.49,68.12 1 1
secure-push/internal/detectors/auth.go:71.3,71.44 1 1
secure-push/internal/detectors/auth.go:71.44,79.4 1 1
secure-push/internal/detectors/auth.go:81.3,81.79 1 1
secure-push/internal/detectors/auth.go:81.79,89.4 1 1
secure-push/internal/detectors/auth.go:91.3,91.43 1 1
secure-push/internal/detectors/auth.go:91.43,99.4 1 1
secure-push/internal/detectors/auth.go:101.3,101.44 1 1
secure-push/internal/detectors/auth.go:101.44,109.4 1 1
secure-push/internal/detectors/auth.go:111.3,111.96 1 1
secure-push/internal/detectors/auth.go:111.96,119.4 1 1
secure-push/internal/detectors/auth.go:121.3,121.94 1 1
secure-push/internal/detectors/auth.go:121.94,129.4 1 1
secure-push/internal/detectors/auth.go:131.3,131.35 1 1
secure-push/internal/detectors/auth.go:131.35,139.4 1 1
secure-push/internal/detectors/auth.go:141.3,141.45 1 1
secure-push/internal/detectors/auth.go:141.45,149.4 1 1
secure-push/internal/detectors/auth.go:151.3,151.45 1 1
secure-push/internal/detectors/auth.go:151.45,159.4 1 1
secure-push/internal/detectors/auth.go:161.3,161.45 1 1
secure-push/internal/detectors/auth.go:161.45,169.4 1 1
secure-push/internal/detectors/auth.go:171.3,171.44 1 1
secure-push/internal/detectors/auth.go:171.44,179.4 1 1
secure-push/internal/detectors/auth.go:181.3,181.44 1 1
secure-push/internal/detectors/auth.go:181.44,189.4 1 1
secure-push/internal/detectors/auth.go:191.3,191.45 1 1
secure-push/internal/detectors/auth.go:191.45,199.4 1 1
secure-push/internal/detectors/auth.go:201.3,201.44 1 1
secure-push/internal/detectors/auth.go:201.44,209.4 1 0
secure-push/internal/detectors/auth.go:211.3,211.44 1 1
secure-push/internal/detectors/auth.go:211.44,219.4 1 0
secure-push/internal/detectors/auth.go:221.3,221.46 1 1
secure-push/internal/detectors/auth.go:221.46,229.4 1 0
secure-push/internal/detectors/auth.go:231.3,231.42 1 1
secure-push/internal/detectors/auth.go:231.42,239.4 1 1
secure-push/internal/detectors/auth.go:241.3,241.46 1 1
secure-push/internal/detectors/auth.go:241.46,249.4 1 1
secure-push/internal/detectors/auth.go:251.3,251.48 1 1
secure-push/internal/detectors/auth.go:251.48,259.4 1 1
secure-push/internal/detectors/auth.go:261.3,261.40 1 1
secure-push/internal/detectors/auth.go:261.40,269.4 1 1
secure-push/internal/detectors/auth.go:271.3,271.51 1 1
secure-push/internal/detectors/auth.go:271.51,279.4 1 1
secure-push/internal/detectors/auth.go:281.3,282.42 2 1
secure-push/internal/detectors/auth.go:282.42,283.38 1 1
secure-push/internal/detectors/auth.go:283.38,284.60 1 1
secure-push/internal/detectors/auth.go:284.60,285.14 1 0
secure-push/internal/detectors/auth.go:287.5,294.52 2 1
secure-push/internal/detectors/auth.go:299.2,299.22 1 1
secure-push/internal/detectors/config.go:10.40,12.2 1 1
secure-push/internal/detectors/config.go:14.46,16.2 1 1
secure-push/internal/detectors/config.go:35.85,40.37 3 1
secure-push/internal/detectors/config.go:40.37,48.3 1 1
secure-push/internal/detectors/config.go:50.2,50.27 1 1
secure-push/internal/detectors/config.go:50.27,58.3 1 1
secure-push/internal/detectors/config.go:60.2,60.27 1 1
secure-push/internal/detectors/config.go:60.27,68.3 1 1
secure-push/internal/detectors/config.go:70.2,70.17 1 1
secure-push/internal/detectors/custom.go:26.44,28.2 1 1
secure-push/internal/detectors/custom.go:30.50,32.2 1 1
secure-push/internal/detectors/custom.go:35.59,37.16 2 1
secure-push/internal/detectors/custom.go:37.16,39.3 1 1
secure-push/internal/detectors/custom.go:41.2,42.53 2 1
secure-push/internal/detectors/custom.go:42.53,44.3 1 0
secure-push/internal/detectors/custom.go:46.2,47.12 2 1
secure-push/internal/detectors/custom.go:51.89,55.31 3 1
secure-push/internal/detectors/custom.go:55.31,57.17 2 1
secure-push/internal/detectors/custom.go:57.17,59.12 1 1
secure-push/internal/detectors/custom.go:62.3,63.21 2 1
secure-push/internal/detectors/custom.go:63.21,65.4 1 0
secure-push/internal/detectors/custom.go:67.3,67.36 1 1
secure-push/internal/detectors/custom.go:67.36,69.50 2 1
secure-push/internal/detectors/custom.go:69.50,70.13 1 0
secure-push/internal/detectors/custom.go:73.4,73.28 1 1
secure-push/internal/detectors/custom.go:73.28,75.22 2 1
secure-push/internal/detectors/custom.go:75.22,77.6 1 1
secure-push/internal/detectors/custom.go:79.5,85.7 1 1
secure-push/internal/detectors/custom.go:90.2,90.22 1 1
secure-push/internal/detectors/custom.go:93.46,94.35 1 1
secure-push/internal/detectors/custom.go:95.18,96.18 1 0
secure-push/internal/detectors/custom.go:97.14,98.14 1 1
secure-push/internal/detectors/custom.go:99.16,100.16 1 0
secure-push/internal/detectors/custom.go:101.13,102.13 1 0
secure-push/internal/detectors/custom.go:103.10,104.12 1 0
secure-push/internal/detectors/detector.go:31.35,33.2 1 1
secure-push/internal/detectors/detector.go:36.53,44.2 2 1
secure-push/internal/detectors/env.go:10.37,12.2 1 1
secure-push/internal/detectors/env.go:14.43,16.2 1 1
secure-push/internal/detectors/env.go:18.82,23.59 3 1
secure-push/internal/detectors/env.go:23.59,31.3 1 1
secure-push/internal/detectors/env.go:34.2,34.56 1 1
secure-push/internal/detectors/env.go:34.56,42.3 1 1
secure-push/internal/detectors/env.go:44.2,44.17 1 1
secure-push/internal/detectors/secrets.go:10.41,12.2 1 1
secure-push/internal/detectors/secrets.go:14.47,16.2 1 1
secure-push/internal/detectors/secrets.go:35.86,39.35 3 1
secure-push/internal/detectors/secrets.go:39.35,41.49 2 1
secure-push/internal/detectors/secrets.go:41.49,42.12 1 1
secure-push/internal/detectors/secrets.go:45.3,45.76 1 1
secure-push/internal/detectors/secrets.go:45.76,53.4 1 1
secure-push/internal/detectors/secrets.go:55.3,55.74 1 1
secure-push/internal/detectors/secrets.go:55.74,63.4 1 1
secure-push/internal/detectors/secrets.go:65.3,65.73 1 1
secure-push/internal/detectors/secrets.go:65.73,73.4 1 1
secure-push/internal/detectors/secrets.go:75.3,75.74 1 1
secure-push/internal/detectors/secrets.go:75.74,83.4 1 1
secure-push/internal/detectors/secrets.go:85.3,85.42 1 1
secure-push/internal/detectors/secrets.go:85.42,93.4 1 1
secure-push/internal/detectors/secrets.go:95.3,95.37 1 1
secure-push/internal/detectors/secrets.go:95.37,103.4 1 1
secure-push/internal/detectors/secrets.go:105.3,105.73 1 1
secure-push/internal/detectors/secrets.go:105.73,113.4 1 0
secure-push/internal/detectors/secrets.go:115.3,115.38 1 1
secure-push/internal/detectors/secrets.go:115.38,123.4 1 1
secure-push/internal/detectors/secrets.go:125.3,125.79 1 1
secure-push/internal/detectors/secrets.go:125.79,126.77 1 1
secure-push/internal/detectors/secrets.go:126.77,134.5 1 1
secure-push/internal/detectors/secrets.go:137.3,137.49 1 1
secure-push/internal/detectors/secrets.go:137.49,145.4 1 1
secure-push/internal/detectors/secrets.go:147.3,147.48 1 1
secure-push/internal/detectors/secrets.go:147.48,155.4 1 1
secure-push/internal/detectors/secrets.go:157.3,157.44 1 1
secure-push/internal/detectors/secrets.go:157.44,165.4 1 1
secure-push/internal/detectors/secrets.go:167.3,167.42 1 1
secure-push/internal/detectors/secrets.go:167.42,175.4 1 1
secure-push/internal/detectors/secrets.go:177.3,177.39 1 1
secure-push/internal/detectors/secrets.go:177.39,185.4 1 1
secure-push/internal/detectors/secrets.go:188.2,188.22 1 1
secure-push/internal/reporters/console.go:12.70,13.24 1 1
secure-push/internal/reporters/console.go:13.24,16.3 2 1
secure-push/internal/reporters/console.go:18.2,20.29 2 1
secure-push/internal/reporters/console.go:20.29,25.26 5 1
secure-push/internal/reporters/console.go:25.26,27.4 1 1
secure-push/internal/reporters/console.go:30.2,39.23 3 1
secure-push/internal/reporters/console.go:39.23,41.3 1 1
secure-push/internal/reporters/console.go:42.2,42.12 1 0
secure-push/internal/reporters/console.go:45.51,46.11 1 1
secure-push/internal/reporters/console.go:47.26,48.16 1 1
secure-push/internal/reporters/console.go:49.22,50.16 1 1
secure-push/internal/reporters/console.go:51.24,52.16 1 1
secure-push/internal/reporters/console.go:53.21,54.16 1 1
secure-push/internal/reporters/console.go:55.10,56.15 1 1
secure-push/internal/reporters/console.go:60.85,62.29 2 1
secure-push/internal/reporters/console.go:62.29,63.29 1 1
secure-push/internal/reporters/console.go:63.29,65.4 1 1
secure-push/internal/reporters/console.go:67.2,67.14 1 1
secure-push/internal/reporters/csv.go:17.47,19.2 1 1
secure-push/internal/reporters/csv.go:22.44,24.2 1 1
secure-push/internal/reporters/csv.go:27.66,29.16 2 1
secure-push/internal/reporters/csv.go:29.16,31.3 1 0
secure-push/internal/reporters/csv.go:32.2,38.89 4 1
secure-push/internal/reporters/csv.go:38.89,40.3 1 0
secure-push/internal/reporters/csv.go:43.2,43.35 1 1
secure-push/internal/reporters/csv.go:43.35,50.18 1 1
secure-push/internal/reporters/csv.go:50.18,52.4 1 0
secure-push/internal/reporters/csv.go:55.2,55.12 1 1
secure-push/internal/reporters/github.go:14.69,15.24 1 1
secure-push/internal/reporters/github.go:15.24,18.3 2 1
secure-push/internal/reporters/github.go:20.2,20.29 1 1
secure-push/internal/reporters/github.go:20.29,27.3 4 1
secure-push/internal/reporters/github.go:29.2,31.23 2 1
secure-push/internal/reporters/github.go:31.23,33.3 1 1
secure-push/internal/reporters/github.go:35.2,35.12 1 0
secure-push/internal/reporters/github.go:38.80,39.18 1 1
secure-push/internal/reporters/github.go:40.42,41.17 1 1
secure-push/internal/reporters/github.go:42.24,43.19 1 1
secure-push/internal/reporters/github.go:44.21,45.18 1 1
secure-push/internal/reporters/github.go:46.10,47.18 1 0
secure-push/internal/reporters/json.go:17.67,24.16 3 1
secure-push/internal/reporters/json.go:24.16,26.3 1 0
secure-push/internal/reporters/json.go:28.2,30.23 2 1
secure-push/internal/reporters/json.go:30.23,32.3 1 1
secure-push/internal/reporters/json.go:34.2,34.12 1 1
secure-push/internal/reporters/sarif.go:86.68,88.29 2 1
secure-push/internal/reporters/sarif.go:88.29,90.3 1 1
secure-push/internal/reporters/sarif.go:92.2,93.28 2 1
secure-push/internal/reporters/sarif.go:93.28,106.3 1 1
secure-push/internal/reporters/sarif.go:108.2,109.29 2 1
secure-push/internal/reporters/sarif.go:109.29,125.3 1 1
secure-push/internal/reporters/sarif.go:127.2,145.16 3 1
secure-push/internal/reporters/sarif.go:145.16,147.3 1 0
secure-push/internal/reporters/sarif.go:149.2,151.23 2 1
secure-push/internal/reporters/sarif.go:151.23,153.3 1 1
secure-push/internal/reporters/sarif.go:155.2,155.12 1 1
secure-push/internal/reporters/summary.go:14.70,18.24 3 1
secure-push/internal/reporters/summary.go:18.24,21.3 2 1
secure-push/internal/reporters/summary.go:24.2,41.29 14 1
secure-push/internal/reporters/summary.go:41.29,43.3 1 1
secure-push/internal/reporters/summary.go:45.2,46.31 2 1
secure-push/internal/reporters/summary.go:46.31,48.3 1 1
secure-push/internal/reporters/summary.go:49.2,51.29 2 1
secure-push/internal/reporters/summary.go:51.29,53.3 1 1
secure-push/internal/reporters/summary.go:54.2,59.29 4 1
secure-push/internal/reporters/summary.go:59.29,61.3 1 1
secure-push/internal/reporters/summary.go:63.2,68.38 3 1
secure-push/internal/reporters/summary.go:68.38,70.3 1 1
secure-push/internal/reporters/summary.go:71.2,71.44 1 1
secure-push/internal/reporters/summary.go:71.44,73.3 1 1
secure-push/internal/reporters/summary.go:75.2,75.31 1 1
secure-push/internal/reporters/summary.go:75.31,77.3 1 1
secure-push/internal/reporters/summary.go:79.2,79.23 1 1
secure-push/internal/reporters/summary.go:79.23,81.3 1 1
secure-push/internal/reporters/summary.go:83.2,83.12 1 0
secure-push/pkg/utils/entropy.go:9.44,10.20 1 1
secure-push/pkg/utils/entropy.go:10.20,12.3 1 1
secure-push/pkg/utils/entropy.go:15.2,16.25 2 1
secure-push/pkg/utils/entropy.go:16.25,18.3 1 1
secure-push/pkg/utils/entropy.go:21.2,23.29 3 1
secure-push/pkg/utils/entropy.go:23.29,24.16 1 1
secure-push/pkg/utils/entropy.go:24.16,27.4 2 1
secure-push/pkg/utils/entropy.go:30.2,30.16 1 1
secure-push/pkg/utils/entropy.go:35.57,37.2 1 1
secure-push/pkg/utils/entropy.go:40.37,41.17 1 1
secure-push/pkg/utils/entropy.go:41.17,43.3 1 1
secure-push/pkg/utils/entropy.go:46.2,47.22 2 1
secure-push/pkg/utils/entropy.go:47.22,48.36 1 1
secure-push/pkg/utils/entropy.go:48.36,50.4 1 0
secure-push/pkg/utils/entropy.go:54.2,54.19 1 1
secure-push/pkg/utils/entropy.go:54.19,56.3 1 1
secure-push/pkg/utils/entropy.go:58.2,58.14 1 0
secure-push/pkg/utils/entropy.go:61.42,62.22 1 1
secure-push/pkg/utils/entropy.go:62.22,63.13 1 1
secure-push/pkg/utils/entropy.go:63.13,65.4 1 1
secure-push/pkg/utils/entropy.go:67.2,67.14 1 0
secure-push/pkg/utils/regex.go:8.59,10.2 1 1
secure-push/pkg/utils/regex.go:13.51,15.16 2 1
secure-push/pkg/utils/regex.go:15.16,17.3 1 1
secure-push/pkg/utils/regex.go:18.2,18.31 1 1
secure-push/pkg/utils/regex.go:22.57,24.16 2 1
secure-push/pkg/utils/regex.go:24.16,26.3 1 0
secure-push/pkg/utils/regex.go:27.2,27.37 1 1
secure-push/pkg/utils/regex.go:31.67,33.16 2 1
secure-push/pkg/utils/regex.go:33.16,35.3 1 0
secure-push/pkg/utils/regex.go:36.2,36.45 1 1
secure-push/pkg/utils/regex.go:40.49,42.2 1 1
secure-push/internal/scanner/cache.go:28.61,34.2 1 1
secure-push/internal/scanner/cache.go:37.55,38.16 1 1
secure-push/internal/scanner/cache.go:38.16,40.3 1 1
secure-push/internal/scanner/cache.go:42.2,46.13 4 1
secure-push/internal/scanner/cache.go:46.13,48.3 1 1
secure-push/internal/scanner/cache.go:51.2,52.16 2 1
secure-push/internal/scanner/cache.go:52.16,54.3 1 0
secure-push/internal/scanner/cache.go:56.2,56.43 1 1
secure-push/internal/scanner/cache.go:56.43,58.3 1 1
secure-push/internal/scanner/cache.go:60.2,60.29 1 1
secure-push/internal/scanner/cache.go:64.63,65.16 1 1
secure-push/internal/scanner/cache.go:65.16,67.3 1 1
secure-push/internal/scanner/cache.go:69.2,70.16 2 1
secure-push/internal/scanner/cache.go:70.16,72.3 1 0
secure-push/internal/scanner/cache.go:74.2,83.12 4 1
secure-push/internal/scanner/cache.go:87.59,89.16 2 1
secure-push/internal/scanner/cache.go:89.16,91.3 1 0
secure-push/internal/scanner/cache.go:93.2,94.41 2 1
secure-push/internal/scanner/cache.go:98.29,102.2 3 1
secure-push/internal/scanner/cache.go:105.57,111.2 4 1
secure-push/internal/scanner/cache.go:114.32,118.2 3 1
secure-push/internal/scanner/cache.go:121.34,122.36 1 0
secure-push/internal/scanner/cache.go:122.36,124.3 1 0
secure-push/internal/scanner/cache.go:126.2,126.55 1 0
secure-push/internal/scanner/cache.go:126.55,128.3 1 0
secure-push/internal/scanner/cache.go:132.2,133.12 2 0
secure-push/internal/scanner/cache.go:137.34,138.36 1 0
secure-push/internal/scanner/cache.go:138.36,140.3 1 0
secure-push/internal/scanner/cache.go:144.2,145.12 2 0
secure-push/internal/scanner/file.go:13.26,16.3 2 1
secure-push/internal/scanner/file.go:19.46,21.16 2 1
secure-push/internal/scanner/file.go:21.16,23.3 1 1
secure-push/internal/scanner/file.go:24.2,31.43 6 1
secure-push/internal/scanner/file.go:31.43,33.3 1 0
secure-push/internal/scanner/file.go:35.2,35.34 1 1
secure-push/internal/scanner/file.go:38.33,40.20 2 1
secure-push/internal/scanner/file.go:40.20,42.3 1 0
secure-push/internal/scanner/file.go:43.2,43.32 1 1
secure-push/internal/scanner/file.go:43.32,44.19 1 1
secure-push/internal/scanner/file.go:44.19,46.4 1 1
secure-push/internal/scanner/file.go:48.2,48.14 1 1
secure-push/internal/scanner/file.go:51.43,55.32 2 1
secure-push/internal/scanner/file.go:55.32,58.18 2 1
secure-push/internal/scanner/file.go:58.18,60.4 1 1
secure-push/internal/scanner/file.go:62.2,62.12 1 1
secure-push/internal/scanner/file.go:65.44,68.2 2 1
secure-push/internal/scanner/scanner.go:22.91,24.16 2 1
secure-push/internal/scanner/scanner.go:24.16,26.3 1 1
secure-push/internal/scanner/scanner.go:27.2,32.3 1 1
secure-push/internal/scanner/scanner.go:35.66,44.86 6 1
secure-push/internal/scanner/scanner.go:44.86,45.17 1 1
secure-push/internal/scanner/scanner.go:45.17,47.4 1 0
secure-push/internal/scanner/scanner.go:49.3,49.19 1 1
secure-push/internal/scanner/scanner.go:49.19,50.89 1 1
secure-push/internal/scanner/scanner.go:50.89,52.5 1 0
secure-push/internal/scanner/scanner.go:53.4,53.14 1 1
secure-push/internal/scanner/scanner.go:56.3,56.38 1 1
secure-push/internal/scanner/scanner.go:56.38,59.4 2 1
secure-push/internal/scanner/scanner.go:61.3,62.17 2 1
secure-push/internal/scanner/scanner.go:62.17,64.4 1 0
secure-push/internal/scanner/scanner.go:66.3,66.45 1 1
secure-push/internal/scanner/scanner.go:66.45,69.4 2 1
secure-push/internal/scanner/scanner.go:71.3,72.17 2 1
secure-push/internal/scanner/scanner.go:72.17,74.4 1 0
secure-push/internal/scanner/scanner.go:75.3,75.15 1 1
secure-push/internal/scanner/scanner.go:75.15,78.4 2 0
secure-push/internal/scanner/scanner.go:81.3,81.60 1 1
secure-push/internal/scanner/scanner.go:81.60,86.4 3 0
secure-push/internal/scanner/scanner.go:88.3,89.22 2 1
secure-push/internal/scanner/scanner.go:89.22,92.17 3 1
secure-push/internal/scanner/scanner.go:92.17,92.26 1 1
secure-push/internal/scanner/scanner.go:94.4,95.18 2 1
secure-push/internal/scanner/scanner.go:95.18,96.12 1 0
secure-push/internal/scanner/scanner.go:97.23,97.23 0 0
secure-push/internal/scanner/scanner.go:98.13,98.13 0 0
secure-push/internal/scanner/scanner.go:100.5,100.11 1 0
secure-push/internal/scanner/scanner.go:103.4,103.29 1 1
secure-push/internal/scanner/scanner.go:103.29,107.5 3 1
secure-push/internal/scanner/scanner.go:110.3,110.13 1 1
secure-push/internal/scanner/scanner.go:113.2,116.16 3 1
secure-push/internal/scanner/scanner.go:116.16,118.3 1 0
secure-push/internal/scanner/scanner.go:120.2,120.25 1 1
secure-push/internal/scanner/scanner.go:120.25,122.3 1 0
secure-push/internal/scanner/scanner.go:124.2,124.22 1 1
secure-push/internal/scanner/scanner.go:127.70,129.16 2 1
secure-push/internal/scanner/scanner.go:129.16,131.3 1 0
secure-push/internal/scanner/scanner.go:133.2,135.34 2 1
secure-push/internal/scanner/scanner.go:135.34,136.46 1 1
secure-push/internal/scanner/scanner.go:136.46,137.12 1 0
secure-push/internal/scanner/scanner.go:140.3,141.17 2 1
secure-push/internal/scanner/scanner.go:141.17,143.12 2 0
secure-push/internal/scanner/scanner.go:146.3,146.30 1 1
secure-push/internal/scanner/scanner.go:146.30,147.46 1 1
secure-push/internal/scanner/scanner.go:147.46,149.5 1 1
secure-push/internal/scanner/scanner.go:153.2,153.25 1 1
secure-push/internal/scanner/scanner.go:156.70,157.33 1 1
secure-push/internal/scanner/scanner.go:157.33,159.3 1 1
secure-push/internal/scanner/scanner.go:161.2,162.16 2 1
secure-push/internal/scanner/scanner.go:162.16,164.3 1 0
secure-push/internal/scanner/scanner.go:166.2,166.44 1 1
secure-push/internal/scanner/scanner.go:166.44,168.3 1 0
secure-push/internal/scanner/scanner.go:170.2,171.16 2 1
secure-push/internal/scanner/scanner.go:171.16,173.3 1 0
secure-push/internal/scanner/scanner.go:174.2,174.14 1 1
secure-push/internal/scanner/scanner.go:174.14,176.3 1 1
secure-push/internal/scanner/scanner.go:178.2,178.25 1 1
secure-push/internal/scanner/walk.go:11.82,12.86 1 1
secure-push/internal/scanner/walk.go:12.86,13.17 1 1
secure-push/internal/scanner/walk.go:13.17,15.4 1 0
secure-push/internal/scanner/walk.go:17.3,17.19 1 1
secure-push/internal/scanner/walk.go:17.19,18.89 1 1
secure-push/internal/scanner/walk.go:18.89,20.5 1 1
secure-push/internal/scanner/walk.go:21.4,21.14 1 1
secure-push/internal/scanner/walk.go:24.3,24.31 1 1
secure-push/internal/scanner/walk.go:29.46,31.16 2 1
secure-push/internal/scanner/walk.go:31.16,33.3 1 0
secure-push/internal/scanner/walk.go:34.2,34.25 1 1
secure-push/internal/scanner/walk.go:38.52,40.2 1 1
secure-push/internal/scanner/walk.go:43.35,46.2 2 1
secure-push/internal/scanner/walk.go:49.30,51.16 2 1
secure-push/internal/scanner/walk.go:51.16,53.3 1 1
secure-push/internal/scanner/walk.go:54.2,54.21 1 1
secure-push/internal/scanner/walk.go:58.57,60.16 2 1
secure-push/internal/scanner/walk.go:60.16,62.3 1 0
secure-push/internal/scanner/walk.go:63.2,63.35 1 1
secure-push/internal/scanner/walk.go:67.38,68.16 1 1
secure-push/internal/scanner/walk.go:68.16,70.3 1 1
secure-push/internal/scanner/walk.go:72.2,73.16 2 1
secure-push/internal/scanner/walk.go:73.16,75.3 1 1
secure-push/internal/scanner/walk.go:77.2,77.19 1 1
secure-push/internal/scanner/walk.go:77.19,79.3 1 1
secure-push/internal/scanner/walk.go:81.2,81.12 1 1
secure-push/internal/scanner/walk.go:85.37,88.2 2 1
secure-push/internal/scanner/walk.go:91.38,93.2 1 1
